{
    "meta": {
        "version": "7.1.0",
        "timestamp": "2023-02-20T12:06:39.377791",
        "branch_coverage": true,
        "show_contexts": false
    },
    "files": {
        "src\\PPVD\\__init__.py": {
            "executed_lines": [
                1
            ],
            "summary": {
                "covered_lines": 0,
                "num_statements": 0,
                "percent_covered": 100.0,
                "percent_covered_display": "100",
                "missing_lines": 0,
                "excluded_lines": 0,
                "num_branches": 0,
                "num_partial_branches": 0,
                "covered_branches": 0,
                "missing_branches": 0
            },
            "missing_lines": [],
            "excluded_lines": [],
            "executed_branches": [],
            "missing_branches": []
        },
        "src\\PPVD\\style.py": {
            "executed_lines": [
                1,
                2,
                5,
                6,
                7,
                8,
                9,
                10,
                11,
                12
            ],
            "summary": {
                "covered_lines": 9,
                "num_statements": 9,
                "percent_covered": 100.0,
                "percent_covered_display": "100",
                "missing_lines": 0,
                "excluded_lines": 0,
                "num_branches": 0,
                "num_partial_branches": 0,
                "covered_branches": 0,
                "missing_branches": 0
            },
            "missing_lines": [],
            "excluded_lines": [],
            "executed_branches": [],
            "missing_branches": []
        },
        "tests\\test_a_install.py": {
            "executed_lines": [
                1,
                2,
                3,
                4,
                5,
                6,
                7,
                10,
                11,
                12,
                13,
                14,
                15,
                18,
                19,
                22,
                23,
                24,
                26,
                28,
                31,
                32,
                33,
                34,
                35,
                39,
                40,
                43,
                44,
                45,
                48,
                50,
                51
            ],
            "summary": {
                "covered_lines": 33,
                "num_statements": 37,
                "percent_covered": 85.36585365853658,
                "percent_covered_display": "85",
                "missing_lines": 4,
                "excluded_lines": 0,
                "num_branches": 4,
                "num_partial_branches": 2,
                "covered_branches": 2,
                "missing_branches": 2
            },
            "missing_lines": [
                25,
                27,
                52,
                53
            ],
            "excluded_lines": [],
            "executed_branches": [
                [
                    24,
                    26
                ],
                [
                    26,
                    28
                ]
            ],
            "missing_branches": [
                [
                    24,
                    25
                ],
                [
                    26,
                    27
                ]
            ]
        }
    },
    "totals": {
        "covered_lines": 42,
        "num_statements": 46,
        "percent_covered": 88.0,
        "percent_covered_display": "88",
        "missing_lines": 4,
        "excluded_lines": 0,
        "num_branches": 4,
        "num_partial_branches": 2,
        "covered_branches": 2,
        "missing_branches": 2
    }
}